STRG.12.1 gene=STRG.12 66 10 CCAGGATTTGG
STRG.24.1 gene=STRG.24 1316 12 AGGATTTGGAT
STRG.24.1 gene=STRG.24 1317 13 GGATTTGGATT
STRG.24.1 gene=STRG.24 1318 14 GATTTGGATTT
STRG.11.1 gene=STRG.11 24 20 GATTTGTTGTG
STRG.20.3 gene=STRG.20 5720 102 GTTTGGCTGGC
STRG.20.1 gene=STRG.20 15438 102 GTTTGGCTGGC
STRG.20.2 gene=STRG.20 16023 102 GTTTGGCTGGC
STRG.20.3 gene=STRG.20 5721 103 TTTGGCTGGCT
STRG.20.1 gene=STRG.20 15439 103 TTTGGCTGGCT
STRG.20.2 gene=STRG.20 16024 103 TTTGGCTGGCT
STRG.57.1 gene=STRG.57 719 121 CCAGCTGGAGG
STRG.57.2 gene=STRG.57 719 121 CCAGCTGGAGG
STRG.16.1 gene=STRG.16 273 125 CTGGAGGGCAT
STRG.16.2 gene=STRG.16 273 125 CTGGAGGGCAT
STRG.2.1 gene=STRG.2 552 165 TTTGCGCTGCC
STRG.2.2 gene=STRG.2 552 165 TTTGCGCTGCC
STRG.5.1 gene=STRG.5 2100 166 TTGCGCTGCCT
STRG.47.2 gene=STRG.47 1294 190 ATAAATATTTC
STRG.35.1 gene=STRG.35 1507 207 TAGAAAATGTT
STRG.4.1 gene=STRG.4 2100 252 TTTTGTTTTGC
STRG.8.1 gene=STRG.8 18 252 TTTTGTTTTGC
STRG.8.1 gene=STRG.8 19 253 TTTGTTTTGCT
STRG.8.1 gene=STRG.8 20 254 TTGTTTTGCTT
STRG.8.1 gene=STRG.8 21 255 TGTTTTGCTTA
STRG.8.1 gene=STRG.8 22 256 GTTTTGCTTAC
STRG.21.2 gene=STRG.21 198 299 ATCCGGGCAAA
STRG.21.1 gene=STRG.21 198 299 ATCCGGGCAAA
STRG.18.2 gene=STRG.18 10545 305 GCAAAGTTTAA
STRG.18.1 gene=STRG.18 10599 305 GCAAAGTTTAA
STRG.20.3 gene=STRG.20 795 314 AATCGAAAAGG
STRG.20.1 gene=STRG.20 10513 314 AATCGAAAAGG
STRG.20.2 gene=STRG.20 11098 314 AATCGAAAAGG
STRG.20.3 gene=STRG.20 796 315 ATCGAAAAGGA
STRG.20.1 gene=STRG.20 10514 315 ATCGAAAAGGA
STRG.20.2 gene=STRG.20 11099 315 ATCGAAAAGGA
STRG.58.1 gene=STRG.58 868 318 GAAAAGGAGAA
STRG.58.1 gene=STRG.58 869 319 AAAAGGAGAAG
STRG.58.1 gene=STRG.58 870 320 AAAGGAGAAGA
STRG.2.1 gene=STRG.2 3226 322 AGGAGAAGAAA
STRG.2.2 gene=STRG.2 3226 322 AGGAGAAGAAA
STRG.20.3 gene=STRG.20 7678 349 GCTAATGGCGC
STRG.20.1 gene=STRG.20 17396 349 GCTAATGGCGC
STRG.20.2 gene=STRG.20 17981 349 GCTAATGGCGC
STRG.20.1 gene=STRG.20 4193 388 GCCCAGGTGGG
STRG.20.2 gene=STRG.20 4193 388 GCCCAGGTGGG
STRG.20.1 gene=STRG.20 10021 390 CCAGGTGGGCA
STRG.20.2 gene=STRG.20 10606 390 CCAGGTGGGCA
STRG.20.1 gene=STRG.20 10022 391 CAGGTGGGCAT
STRG.20.2 gene=STRG.20 10607 391 CAGGTGGGCAT
STRG.59.2 gene=STRG.59 748 398 GCATTTATCAT
STRG.18.2 gene=STRG.18 4090 403 TATCATCATCA
STRG.18.1 gene=STRG.18 4144 403 TATCATCATCA
STRG.18.2 gene=STRG.18 15275 409 CATCAGCAGCC
STRG.18.1 gene=STRG.18 15329 409 CATCAGCAGCC
STRG.20.3 gene=STRG.20 5399 459 CCGCAAATGAA
STRG.20.1 gene=STRG.20 15117 459 CCGCAAATGAA
STRG.20.2 gene=STRG.20 15702 459 CCGCAAATGAA
STRG.20.1 gene=STRG.20 123 581 AAACACGAAAC
STRG.20.2 gene=STRG.20 123 581 AAACACGAAAC
STRG.31.1 gene=STRG.31 1196 597 CCGCATCCGCA
STRG.31.2 gene=STRG.31 1196 597 CCGCATCCGCA
STRG.3.3 gene=STRG.3 64 607 AAAATCCTTTG
STRG.3.3 gene=STRG.3 65 608 AAATCCTTTGA
STRG.3.3 gene=STRG.3 66 609 AATCCTTTGAG
STRG.3.3 gene=STRG.3 67 610 ATCCTTTGAGC
STRG.18.2 gene=STRG.18 11653 641 AAAATGACACC
STRG.18.1 gene=STRG.18 11707 641 AAAATGACACC
STRG.23.3 gene=STRG.23 517 647 ACACCAGCGGC
STRG.23.1 gene=STRG.23 290 647 ACACCAGCGGC
STRG.23.2 gene=STRG.23 290 647 ACACCAGCGGC
STRG.23.3 gene=STRG.23 518 648 CACCAGCGGCT
STRG.23.1 gene=STRG.23 291 648 CACCAGCGGCT
STRG.23.2 gene=STRG.23 291 648 CACCAGCGGCT
STRG.58.1 gene=STRG.58 488 682 CAGCCATTAAA
STRG.48.1 gene=STRG.48 3475 688 TTAAAACTACG
STRG.13.1 gene=STRG.13 2740 764 AAGGAATTTGC
STRG.13.1 gene=STRG.13 2741 765 AGGAATTTGCT
STRG.14.1 gene=STRG.14 767 768 AATTTGCTGTC
STRG.5.1 gene=STRG.5 185 780 TCTGGTTGCCA
STRG.5.1 gene=STRG.5 186 781 CTGGTTGCCAT
STRG.26.1 gene=STRG.26 1867 802 CACCTCATCGC
STRG.26.2 gene=STRG.26 2889 802 CACCTCATCGC
STRG.26.1 gene=STRG.26 1868 803 ACCTCATCGCC
STRG.26.2 gene=STRG.26 2890 803 ACCTCATCGCC
STRG.44.1 gene=STRG.44 2808 828 CTAGGAGCAGC
STRG.44.2 gene=STRG.44 2808 828 CTAGGAGCAGC
STRG.57.1 gene=STRG.57 752 830 AGGAGCAGCCA
STRG.57.2 gene=STRG.57 752 830 AGGAGCAGCCA
STRG.57.1 gene=STRG.57 753 831 GGAGCAGCCAG
STRG.57.2 gene=STRG.57 753 831 GGAGCAGCCAG
STRG.18.2 gene=STRG.18 7674 836 AGCCAGGAGCT
STRG.18.1 gene=STRG.18 7728 836 AGCCAGGAGCT
STRG.18.2 gene=STRG.18 4719 858 TGAAAGACTGC
STRG.18.1 gene=STRG.18 4773 858 TGAAAGACTGC
STRG.18.2 gene=STRG.18 4720 859 GAAAGACTGCG
STRG.18.1 gene=STRG.18 4774 859 GAAAGACTGCG
STRG.9.1 gene=STRG.9 1474 874 ATTGAACTGAA
STRG.9.2 gene=STRG.9 1474 874 ATTGAACTGAA
STRG.9.3 gene=STRG.9 1694 874 ATTGAACTGAA
STRG.56.1 gene=STRG.56 1470 935 GCTCTTAAACT
STRG.56.3 gene=STRG.56 2668 935 GCTCTTAAACT
STRG.7.6 gene=STRG.7 136 947 GCATTTTAAAC
STRG.18.2 gene=STRG.18 166 980 TAAATATAGCA
STRG.18.1 gene=STRG.18 166 980 TAAATATAGCA
STRG.2.1 gene=STRG.2 736 981 AAATATAGCAA
STRG.2.2 gene=STRG.2 736 981 AAATATAGCAA
STRG.42.2 gene=STRG.42 926 1005 GCAATTTTTAA
STRG.42.2 gene=STRG.42 927 1006 CAATTTTTAAA
STRG.42.2 gene=STRG.42 928 1007 AATTTTTAAAT
STRG.57.2 gene=STRG.57 3573 1007 AATTTTTAAAT
STRG.57.2 gene=STRG.57 3574 1008 ATTTTTAAATT
STRG.20.3 gene=STRG.20 139 1019 GAAATGGAATA
STRG.20.3 gene=STRG.20 140 1020 AAATGGAATAA
STRG.10.6 gene=STRG.10 296 1028 TAAGGCAATAT
STRG.10.1 gene=STRG.10 50 1028 TAAGGCAATAT
STRG.10.4 gene=STRG.10 50 1028 TAAGGCAATAT
STRG.10.6 gene=STRG.10 297 1029 AAGGCAATATA
STRG.10.1 gene=STRG.10 51 1029 AAGGCAATATA
STRG.10.4 gene=STRG.10 51 1029 AAGGCAATATA
STRG.10.6 gene=STRG.10 298 1030 AGGCAATATAA
STRG.10.1 gene=STRG.10 52 1030 AGGCAATATAA
STRG.10.4 gene=STRG.10 52 1030 AGGCAATATAA
STRG.1.1 gene=STRG.1 4072 1034 AATATAAAATA
STRG.1.1 gene=STRG.1 1402 1071 AGATGTCGCTG
STRG.1.1 gene=STRG.1 1403 1072 GATGTCGCTGA
STRG.4.1 gene=STRG.4 171 1072 GATGTCGCTGA
STRG.27.1 gene=STRG.27 171 1077 CGCTGAGCAAG
STRG.31.2 gene=STRG.31 3536 1101 CTTTCCCAGCC
STRG.31.3 gene=STRG.31 2446 1101 CTTTCCCAGCC
STRG.31.2 gene=STRG.31 3537 1102 TTTCCCAGCCA
STRG.31.3 gene=STRG.31 2447 1102 TTTCCCAGCCA
STRG.44.1 gene=STRG.44 3567 1114 CTGATGAACGA
STRG.44.2 gene=STRG.44 3567 1114 CTGATGAACGA
STRG.31.2 gene=STRG.31 3777 1130 GCGATCCACTT
STRG.31.3 gene=STRG.31 2687 1130 GCGATCCACTT
STRG.60.1 gene=STRG.60 393 1158 ATGGCCAGAAG
STRG.2.1 gene=STRG.2 409 1214 AAGGCGAACTG
STRG.2.2 gene=STRG.2 409 1214 AAGGCGAACTG
STRG.3.2 gene=STRG.3 342 1219 GAACTGTTTCG
STRG.23.2 gene=STRG.23 2940 1225 TTTCGGAATTA
STRG.48.1 gene=STRG.48 2178 1257 GGCCACAGATG
STRG.48.2 gene=STRG.48 2178 1257 GGCCACAGATG
STRG.27.1 gene=STRG.27 2711 1278 ATTCCAGAGCA
STRG.28.1 gene=STRG.28 72 1282 CAGAGCAGCTG
STRG.34.1 gene=STRG.34 871 1306 CATTCTTGTGC
STRG.34.1 gene=STRG.34 872 1307 ATTCTTGTGCT
STRG.23.3 gene=STRG.23 1515 1324 CATGTGGAGCG
STRG.23.1 gene=STRG.23 1288 1324 CATGTGGAGCG
STRG.23.2 gene=STRG.23 1288 1324 CATGTGGAGCG
STRG.52.1 gene=STRG.52 2047 1355 CGCGGGCAACA
STRG.36.1 gene=STRG.36 2371 1408 GGAAAAGCAGC
STRG.36.1 gene=STRG.36 2372 1409 GAAAAGCAGCT
STRG.45.1 gene=STRG.45 1074 1428 CTTTTTGGCGC
STRG.31.2 gene=STRG.31 4221 1429 TTTTTGGCGCA
STRG.31.3 gene=STRG.31 3131 1429 TTTTTGGCGCA
STRG.31.1 gene=STRG.31 559 1442 CCACAGGCGCC
STRG.31.2 gene=STRG.31 559 1442 CCACAGGCGCC
STRG.35.1 gene=STRG.35 783 1453 TTCTTCTACGA
STRG.35.1 gene=STRG.35 784 1454 TCTTCTACGAC
STRG.26.1 gene=STRG.26 293 1460 ACGACGACGAG
STRG.26.2 gene=STRG.26 1315 1460 ACGACGACGAG
STRG.13.2 gene=STRG.13 852 1472 TGGAGCTGGAG
STRG.31.1 gene=STRG.31 1171 1473 GGAGCTGGAGA
STRG.31.2 gene=STRG.31 1171 1473 GGAGCTGGAGA
STRG.9.2 gene=STRG.9 1758 1500 GGTCAACGCCA
STRG.9.3 gene=STRG.9 1978 1500 GGTCAACGCCA
STRG.9.2 gene=STRG.9 1759 1501 GTCAACGCCAT
STRG.9.3 gene=STRG.9 1979 1501 GTCAACGCCAT
STRG.28.1 gene=STRG.28 1275 1502 TCAACGCCATC
STRG.2.1 gene=STRG.2 2217 1504 AACGCCATCAA
STRG.2.2 gene=STRG.2 2217 1504 AACGCCATCAA
STRG.26.1 gene=STRG.26 699 1504 AACGCCATCAA
STRG.26.2 gene=STRG.26 1721 1504 AACGCCATCAA
STRG.49.2 gene=STRG.49 934 1526 CCGAGCAGACG
STRG.49.1 gene=STRG.49 854 1526 CCGAGCAGACG
STRG.51.1 gene=STRG.51 228 1527 CGAGCAGACGG
STRG.32.2 gene=STRG.32 325 1530 GCAGACGGTGC
STRG.32.1 gene=STRG.32 325 1530 GCAGACGGTGC
STRG.3.2 gene=STRG.3 326 1554 CATCAAGCGCC
STRG.1.1 gene=STRG.1 3847 1559 AGCGCCTGAAG
STRG.31.1 gene=STRG.31 1234 1591 CTGCAGGAGCA
STRG.31.2 gene=STRG.31 1234 1591 CTGCAGGAGCA
STRG.1.1 gene=STRG.1 3983 1637 AAAATCGAACG
STRG.13.2 gene=STRG.13 3136 1639 AATCGAACGTA
STRG.20.3 gene=STRG.20 647 1710 GGACCAAGTTC
STRG.20.1 gene=STRG.20 10365 1710 GGACCAAGTTC
STRG.20.2 gene=STRG.20 10950 1710 GGACCAAGTTC
STRG.20.3 gene=STRG.20 648 1711 GACCAAGTTCA
STRG.20.1 gene=STRG.20 10366 1711 GACCAAGTTCA
STRG.20.2 gene=STRG.20 10951 1711 GACCAAGTTCA
STRG.20.3 gene=STRG.20 649 1712 ACCAAGTTCAA
STRG.20.1 gene=STRG.20 10367 1712 ACCAAGTTCAA
STRG.20.2 gene=STRG.20 10952 1712 ACCAAGTTCAA
STRG.25.2 gene=STRG.25 234 1712 ACCAAGTTCAA
STRG.25.1 gene=STRG.25 133 1712 ACCAAGTTCAA
STRG.20.3 gene=STRG.20 650 1713 CCAAGTTCAAA
STRG.20.1 gene=STRG.20 10368 1713 CCAAGTTCAAA
STRG.20.2 gene=STRG.20 10953 1713 CCAAGTTCAAA
STRG.18.1 gene=STRG.18 18637 1762 AGAACACGAGA
STRG.13.2 gene=STRG.13 3154 1762 AGAACACGAGA
STRG.18.1 gene=STRG.18 18638 1763 GAACACGAGAG
STRG.41.2 gene=STRG.41 2006 1770 AGAGCAAAATA
STRG.41.3 gene=STRG.41 1945 1770 AGAGCAAAATA
STRG.41.1 gene=STRG.41 1734 1770 AGAGCAAAATA
STRG.41.2 gene=STRG.41 2007 1771 GAGCAAAATAG
STRG.41.3 gene=STRG.41 1946 1771 GAGCAAAATAG
STRG.41.1 gene=STRG.41 1735 1771 GAGCAAAATAG
STRG.9.3 gene=STRG.9 249 1785 GCAAGGAAAAT
STRG.18.2 gene=STRG.18 6681 1786 CAAGGAAAATG
STRG.18.1 gene=STRG.18 6735 1786 CAAGGAAAATG
STRG.57.1 gene=STRG.57 1594 1797 GGGCACACGAA
STRG.57.2 gene=STRG.57 1594 1797 GGGCACACGAA
STRG.2.1 gene=STRG.2 3712 1800 CACACGAAAAT
STRG.2.2 gene=STRG.2 3712 1800 CACACGAAAAT
STRG.30.1 gene=STRG.30 349 1850 TTAATCCCACC
STRG.11.1 gene=STRG.11 853 1874 CGTTTAATGAG
STRG.11.1 gene=STRG.11 854 1875 GTTTAATGAGC
STRG.13.1 gene=STRG.13 2803 1904 CAGACATTGTG
STRG.29.1 gene=STRG.29 426 1981 GCGGAGAAGCC
STRG.15.1 gene=STRG.15 967 1984 GAGAAGCCCAA
STRG.33.1 gene=STRG.33 1757 1996 CACCAGCTGAC
STRG.33.1 gene=STRG.33 1758 1997 ACCAGCTGACC
STRG.33.1 gene=STRG.33 4486 2015 TGTATCCAGCA
STRG.33.2 gene=STRG.33 4300 2015 TGTATCCAGCA
STRG.23.3 gene=STRG.23 282 2022 AGCACAGGCTA
STRG.23.1 gene=STRG.23 55 2022 AGCACAGGCTA
STRG.23.2 gene=STRG.23 55 2022 AGCACAGGCTA
STRG.34.1 gene=STRG.34 1441 2104 GATGATGGTAA
STRG.5.1 gene=STRG.5 1424 2130 TCCAATAGCTT
STRG.33.1 gene=STRG.33 2240 2174 GCCAAGGCGGC
STRG.33.2 gene=STRG.33 2057 2174 GCCAAGGCGGC
STRG.53.1 gene=STRG.53 525 2174 GCCAAGGCGGC
STRG.53.2 gene=STRG.53 525 2174 GCCAAGGCGGC
STRG.26.1 gene=STRG.26 1031 2180 GCGGCAGCTCG
STRG.26.2 gene=STRG.26 2053 2180 GCGGCAGCTCG
STRG.20.1 gene=STRG.20 9690 2193 TGCAGGACCTT
STRG.20.2 gene=STRG.20 10275 2193 TGCAGGACCTT
STRG.35.1 gene=STRG.35 1335 2201 CTTCTGCAGCT
STRG.20.3 gene=STRG.20 6546 2202 TTCTGCAGCTG
STRG.20.1 gene=STRG.20 16264 2202 TTCTGCAGCTG
STRG.20.2 gene=STRG.20 16849 2202 TTCTGCAGCTG
STRG.20.3 gene=STRG.20 6547 2203 TCTGCAGCTGC
STRG.20.1 gene=STRG.20 16265 2203 TCTGCAGCTGC
STRG.20.2 gene=STRG.20 16850 2203 TCTGCAGCTGC
STRG.48.1 gene=STRG.48 2109 2206 GCAGCTGCGAG
STRG.48.2 gene=STRG.48 2109 2206 GCAGCTGCGAG
STRG.48.1 gene=STRG.48 2110 2207 CAGCTGCGAGA
STRG.48.2 gene=STRG.48 2110 2207 CAGCTGCGAGA
STRG.48.1 gene=STRG.48 2111 2208 AGCTGCGAGAA
STRG.48.2 gene=STRG.48 2111 2208 AGCTGCGAGAA
STRG.20.3 gene=STRG.20 851 2211 TGCGAGAAGTC
STRG.20.1 gene=STRG.20 10569 2211 TGCGAGAAGTC
STRG.20.2 gene=STRG.20 11154 2211 TGCGAGAAGTC
STRG.36.1 gene=STRG.36 1749 2247 AGTTCCAGAAG
STRG.26.1 gene=STRG.26 285 2251 CCAGAAGGACG
STRG.26.2 gene=STRG.26 1307 2251 CCAGAAGGACG
STRG.26.1 gene=STRG.26 286 2252 CAGAAGGACGA
STRG.26.2 gene=STRG.26 1308 2252 CAGAAGGACGA
STRG.26.1 gene=STRG.26 287 2253 AGAAGGACGAC
STRG.26.2 gene=STRG.26 1309 2253 AGAAGGACGAC
STRG.26.1 gene=STRG.26 288 2254 GAAGGACGACG
STRG.26.2 gene=STRG.26 1310 2254 GAAGGACGACG
STRG.26.1 gene=STRG.26 289 2255 AAGGACGACGA
STRG.26.2 gene=STRG.26 1311 2255 AAGGACGACGA
STRG.31.1 gene=STRG.31 1432 2255 AAGGACGACGA
STRG.31.2 gene=STRG.31 1432 2255 AAGGACGACGA
STRG.31.3 gene=STRG.31 342 2255 AAGGACGACGA
STRG.11.1 gene=STRG.11 227 2256 AGGACGACGAC
STRG.26.1 gene=STRG.26 290 2256 AGGACGACGAC
STRG.26.2 gene=STRG.26 1312 2256 AGGACGACGAC
STRG.37.1 gene=STRG.37 257 2336 GTGGATCTCCT
STRG.18.2 gene=STRG.18 7797 2356 CACTGAGTTCG
STRG.18.1 gene=STRG.18 7851 2356 CACTGAGTTCG
STRG.13.1 gene=STRG.13 3442 2359 TGAGTTCGGTC
STRG.52.1 gene=STRG.52 818 2393 AATCTGTGCAC
STRG.52.1 gene=STRG.52 819 2394 ATCTGTGCACA
STRG.52.1 gene=STRG.52 820 2395 TCTGTGCACAC
STRG.52.1 gene=STRG.52 821 2396 CTGTGCACACC
STRG.18.2 gene=STRG.18 9042 2440 AGCACATATTC
STRG.18.1 gene=STRG.18 9096 2440 AGCACATATTC
STRG.9.1 gene=STRG.9 344 2456 CAACCTGGAAA
STRG.9.2 gene=STRG.9 344 2456 CAACCTGGAAA
STRG.9.3 gene=STRG.9 564 2456 CAACCTGGAAA
STRG.9.1 gene=STRG.9 345 2457 AACCTGGAAAC
STRG.9.2 gene=STRG.9 345 2457 AACCTGGAAAC
STRG.9.3 gene=STRG.9 565 2457 AACCTGGAAAC
STRG.13.2 gene=STRG.13 1745 2474 CGATCATCTGG
STRG.18.2 gene=STRG.18 10425 2480 TCTGGAGGAAC
STRG.18.1 gene=STRG.18 10479 2480 TCTGGAGGAAC
STRG.20.1 gene=STRG.20 4703 2483 GGAGGAACTGG
STRG.20.2 gene=STRG.20 4703 2483 GGAGGAACTGG
STRG.20.3 gene=STRG.20 480 2486 GGAACTGGCGG
STRG.20.1 gene=STRG.20 10198 2486 GGAACTGGCGG
STRG.20.2 gene=STRG.20 10783 2486 GGAACTGGCGG
STRG.20.3 gene=STRG.20 481 2487 GAACTGGCGGC
STRG.20.1 gene=STRG.20 10199 2487 GAACTGGCGGC
STRG.20.2 gene=STRG.20 10784 2487 GAACTGGCGGC
STRG.20.3 gene=STRG.20 482 2488 AACTGGCGGCG
STRG.20.1 gene=STRG.20 10200 2488 AACTGGCGGCG
STRG.20.2 gene=STRG.20 10785 2488 AACTGGCGGCG
STRG.36.1 gene=STRG.36 409 2508 ACCTTTGCGGT
STRG.31.1 gene=STRG.31 1952 2517 GTGAACATGAC
STRG.31.2 gene=STRG.31 1952 2517 GTGAACATGAC
STRG.31.3 gene=STRG.31 862 2517 GTGAACATGAC
STRG.48.1 gene=STRG.48 1123 2517 GTGAACATGAC
STRG.48.2 gene=STRG.48 1123 2517 GTGAACATGAC
STRG.33.1 gene=STRG.33 1430 2655 GACAGCATCGT
STRG.33.2 gene=STRG.33 1430 2655 GACAGCATCGT
STRG.33.1 gene=STRG.33 1431 2656 ACAGCATCGTT
STRG.33.2 gene=STRG.33 1431 2656 ACAGCATCGTT
STRG.48.1 gene=STRG.48 2573 2680 ATCCGCCTCGC
STRG.15.1 gene=STRG.15 879 2698 TCCACGACTTG
STRG.20.1 gene=STRG.20 3886 2717 TGCACTGCAGC
STRG.20.2 gene=STRG.20 3886 2717 TGCACTGCAGC
STRG.18.2 gene=STRG.18 16049 2718 GCACTGCAGCT
STRG.18.1 gene=STRG.18 16103 2718 GCACTGCAGCT
STRG.31.1 gene=STRG.31 677 2723 GCAGCTTTTTG
STRG.31.2 gene=STRG.31 677 2723 GCAGCTTTTTG
STRG.20.1 gene=STRG.20 2108 2749 ATGCCAGCTTC
STRG.20.2 gene=STRG.20 2108 2749 ATGCCAGCTTC
STRG.22.1 gene=STRG.22 665 2750 TGCCAGCTTCT
STRG.34.1 gene=STRG.34 533 2793 ACCTGCGACTT
STRG.48.1 gene=STRG.48 1740 2795 CTGCGACTTTG
STRG.48.2 gene=STRG.48 1740 2795 CTGCGACTTTG
STRG.40.1 gene=STRG.40 887 2804 TGCCGCATCCG
STRG.20.3 gene=STRG.20 4606 2808 GCATCCGGAGG
STRG.20.1 gene=STRG.20 14324 2808 GCATCCGGAGG
STRG.20.2 gene=STRG.20 14909 2808 GCATCCGGAGG
STRG.52.1 gene=STRG.52 1299 2810 ATCCGGAGGTC
STRG.37.1 gene=STRG.37 765 2832 ATGGGGCGCTA
STRG.14.1 gene=STRG.14 1564 2837 GCGCTATCTGG
STRG.14.1 gene=STRG.14 1565 2838 CGCTATCTGGC
STRG.23.3 gene=STRG.23 947 2909 CGGCGAGGTGT
STRG.23.1 gene=STRG.23 720 2909 CGGCGAGGTGT
STRG.23.2 gene=STRG.23 720 2909 CGGCGAGGTGT
STRG.53.1 gene=STRG.53 685 2966 TCCTGCAGTTC
STRG.53.2 gene=STRG.53 685 2966 TCCTGCAGTTC
STRG.53.1 gene=STRG.53 686 2967 CCTGCAGTTCG
STRG.53.2 gene=STRG.53 686 2967 CCTGCAGTTCG
STRG.11.1 gene=STRG.11 231 2976 CGACGACGATG
STRG.60.1 gene=STRG.60 871 2985 TGGCCAGCGGA
STRG.3.1 gene=STRG.3 176 3005 ACATCGAGGTG
STRG.20.1 gene=STRG.20 282 3052 GATCCACGGGG
STRG.20.2 gene=STRG.20 282 3052 GATCCACGGGG
STRG.20.1 gene=STRG.20 283 3053 ATCCACGGGGT
STRG.20.2 gene=STRG.20 283 3053 ATCCACGGGGT
STRG.17.1 gene=STRG.17 204 3067 ATAACGCAGCT
STRG.17.1 gene=STRG.17 205 3068 TAACGCAGCTC
STRG.12.1 gene=STRG.12 983 3080 ATGTGGACGTC
STRG.20.3 gene=STRG.20 3682 3085 GACGTCAAGGT
STRG.20.1 gene=STRG.20 13400 3085 GACGTCAAGGT
STRG.20.2 gene=STRG.20 13985 3085 GACGTCAAGGT
STRG.54.1 gene=STRG.54 882 3087 CGTCAAGGTGC
STRG.59.1 gene=STRG.59 2319 3091 AAGGTGCAGAA
STRG.59.2 gene=STRG.59 3107 3091 AAGGTGCAGAA
STRG.59.1 gene=STRG.59 2320 3092 AGGTGCAGAAG
STRG.59.2 gene=STRG.59 3108 3092 AGGTGCAGAAG
STRG.51.1 gene=STRG.51 196 3095 TGCAGAAGAAG
STRG.20.1 gene=STRG.20 6460 3098 AGAAGAAGATG
STRG.20.2 gene=STRG.20 6460 3098 AGAAGAAGATG
STRG.42.1 gene=STRG.42 980 3120 GGCCACCAGAA
STRG.42.2 gene=STRG.42 2182 3120 GGCCACCAGAA
STRG.60.1 gene=STRG.60 701 3165 GCGGGAGCTGA
STRG.44.1 gene=STRG.44 3208 3195 CTATCAAGGAT
STRG.44.2 gene=STRG.44 3208 3195 CTATCAAGGAT
STRG.33.1 gene=STRG.33 4519 3212 TGGACCTCATC
STRG.33.2 gene=STRG.33 4333 3212 TGGACCTCATC
STRG.54.1 gene=STRG.54 165 3213 GGACCTCATCG
STRG.54.1 gene=STRG.54 166 3214 GACCTCATCGA
STRG.20.2 gene=STRG.20 10009 3225 TGCCATTGCCC
STRG.20.2 gene=STRG.20 10010 3226 GCCATTGCCCG
STRG.20.2 gene=STRG.20 10011 3227 CCATTGCCCGA
STRG.20.2 gene=STRG.20 9950 3298 AAGGAAACCAA
STRG.20.2 gene=STRG.20 9951 3299 AGGAAACCAAG
STRG.18.2 gene=STRG.18 3026 3306 CAAGCAGTGGA
STRG.18.1 gene=STRG.18 3026 3306 CAAGCAGTGGA
STRG.18.2 gene=STRG.18 3027 3307 AAGCAGTGGAA
STRG.18.1 gene=STRG.18 3027 3307 AAGCAGTGGAA
STRG.9.1 gene=STRG.9 1029 3310 CAGTGGAACGG
STRG.9.2 gene=STRG.9 1029 3310 CAGTGGAACGG
STRG.9.3 gene=STRG.9 1249 3310 CAGTGGAACGG
STRG.23.3 gene=STRG.23 2287 3320 GCATCATTGGC
STRG.23.1 gene=STRG.23 2060 3320 GCATCATTGGC
STRG.23.2 gene=STRG.23 2060 3320 GCATCATTGGC
STRG.23.3 gene=STRG.23 2288 3321 CATCATTGGCG
STRG.23.1 gene=STRG.23 2061 3321 CATCATTGGCG
STRG.23.2 gene=STRG.23 2061 3321 CATCATTGGCG
STRG.23.3 gene=STRG.23 2289 3322 ATCATTGGCGA
STRG.23.1 gene=STRG.23 2062 3322 ATCATTGGCGA
STRG.23.2 gene=STRG.23 2062 3322 ATCATTGGCGA
STRG.36.1 gene=STRG.36 1221 3349 AGTGGTACCGA
STRG.13.1 gene=STRG.13 3434 3354 TACCGAATTGA
STRG.13.1 gene=STRG.13 3435 3355 ACCGAATTGAG
STRG.53.2 gene=STRG.53 1358 3471 TCATGCAGCTG
STRG.36.1 gene=STRG.36 170 3513 ATGTGGAGAAG
STRG.10.3 gene=STRG.10 1206 3536 TATCTGGATCC
STRG.10.2 gene=STRG.10 1086 3536 TATCTGGATCC
STRG.33.1 gene=STRG.33 3958 3561 TCTGGATCTGG
STRG.33.2 gene=STRG.33 3772 3561 TCTGGATCTGG
STRG.18.2 gene=STRG.18 4044 3563 TGGATCTGGAT
STRG.18.1 gene=STRG.18 4098 3563 TGGATCTGGAT
STRG.18.2 gene=STRG.18 4045 3564 GGATCTGGATT
STRG.18.1 gene=STRG.18 4099 3564 GGATCTGGATT
STRG.33.1 gene=STRG.33 1345 3577 CATATCGGTGT
STRG.33.2 gene=STRG.33 1345 3577 CATATCGGTGT
STRG.18.2 gene=STRG.18 8449 3587 TTGGTGATGAC
STRG.18.1 gene=STRG.18 8503 3587 TTGGTGATGAC
STRG.18.2 gene=STRG.18 8450 3588 TGGTGATGACC
STRG.18.1 gene=STRG.18 8504 3588 TGGTGATGACC
STRG.31.2 gene=STRG.31 3705 3623 ATCTCCAAAAT
STRG.31.3 gene=STRG.31 2615 3623 ATCTCCAAAAT
STRG.48.1 gene=STRG.48 2567 3639 GGGAGAATCCG
STRG.48.1 gene=STRG.48 2568 3640 GGAGAATCCGC
STRG.56.1 gene=STRG.56 684 3679 GGAGAACCAGT
STRG.56.2 gene=STRG.56 684 3679 GGAGAACCAGT
STRG.56.3 gene=STRG.56 1882 3679 GGAGAACCAGT
STRG.18.2 gene=STRG.18 1937 3685 CCAGTGGCACA
STRG.18.1 gene=STRG.18 1937 3685 CCAGTGGCACA
STRG.32.2 gene=STRG.32 301 3694 CATCCACAACA
STRG.32.1 gene=STRG.32 301 3694 CATCCACAACA
STRG.2.1 gene=STRG.2 2083 3708 GCTGGCTGACT
STRG.2.2 gene=STRG.2 2083 3708 GCTGGCTGACT
STRG.30.1 gene=STRG.30 197 3753 TGCCGAGAAGT
STRG.14.1 gene=STRG.14 1822 3753 TGCCGAGAAGT
STRG.50.1 gene=STRG.50 125 3763 TCCACAGGTGA
STRG.44.1 gene=STRG.44 1968 3787 AACCTGGCCAA
STRG.44.2 gene=STRG.44 1968 3787 AACCTGGCCAA
STRG.18.2 gene=STRG.18 4683 3788 ACCTGGCCAAA
STRG.18.1 gene=STRG.18 4737 3788 ACCTGGCCAAA
STRG.18.2 gene=STRG.18 4684 3789 CCTGGCCAAAA
STRG.18.1 gene=STRG.18 4738 3789 CCTGGCCAAAA
STRG.60.1 gene=STRG.60 17 3789 CCTGGCCAAAA
STRG.60.1 gene=STRG.60 18 3790 CTGGCCAAAAC
STRG.60.1 gene=STRG.60 19 3791 TGGCCAAAACA
STRG.26.1 gene=STRG.26 825 3825 TGCGAATGTTT
STRG.26.2 gene=STRG.26 1847 3825 TGCGAATGTTT
STRG.18.2 gene=STRG.18 13515 3869 GCCAACTCCTA
STRG.18.1 gene=STRG.18 13569 3869 GCCAACTCCTA
STRG.18.2 gene=STRG.18 13516 3870 CCAACTCCTAT
STRG.18.1 gene=STRG.18 13570 3870 CCAACTCCTAT
STRG.23.3 gene=STRG.23 1562 3913 CAACATGAAGG
STRG.23.1 gene=STRG.23 1335 3913 CAACATGAAGG
STRG.23.2 gene=STRG.23 1335 3913 CAACATGAAGG
STRG.1.1 gene=STRG.1 373 3926 AGCATAACCAA
STRG.44.1 gene=STRG.44 2740 3936 ACCTGAAGGAT
STRG.44.2 gene=STRG.44 2740 3936 ACCTGAAGGAT
STRG.1.1 gene=STRG.1 1100 3940 GAAGGATCTGA
STRG.20.3 gene=STRG.20 6524 3945 ATCTGAGTGGC
STRG.20.1 gene=STRG.20 16242 3945 ATCTGAGTGGC
STRG.20.2 gene=STRG.20 16827 3945 ATCTGAGTGGC
STRG.36.1 gene=STRG.36 236 3957 AGAAGAAGGTC
STRG.36.1 gene=STRG.36 237 3958 GAAGAAGGTCA
STRG.5.1 gene=STRG.5 2001 3978 CCATCTACGGC
STRG.18.2 gene=STRG.18 755 3982 CTACGGCGGCA
STRG.18.1 gene=STRG.18 755 3982 CTACGGCGGCA
STRG.18.2 gene=STRG.18 756 3983 TACGGCGGCAG
STRG.18.1 gene=STRG.18 756 3983 TACGGCGGCAG
STRG.18.2 gene=STRG.18 3968 3985 CGGCGGCAGCA
STRG.18.1 gene=STRG.18 4022 3985 CGGCGGCAGCA
STRG.34.1 gene=STRG.34 862 4036 CCTGGCCTTCA
STRG.21.2 gene=STRG.21 359 4043 TTCAATCTCAT
STRG.21.1 gene=STRG.21 359 4043 TTCAATCTCAT
STRG.18.2 gene=STRG.18 5051 4062 ACGACCCATCC
STRG.18.1 gene=STRG.18 5105 4062 ACGACCCATCC
STRG.18.2 gene=STRG.18 16654 4091 CTGGAGGGAGT
STRG.18.1 gene=STRG.18 16708 4091 CTGGAGGGAGT
STRG.46.1 gene=STRG.46 1000 4128 ACTACATGTTC
STRG.20.3 gene=STRG.20 1630 4135 GTTCCTGATGG
STRG.20.1 gene=STRG.20 11348 4135 GTTCCTGATGG
STRG.20.2 gene=STRG.20 11933 4135 GTTCCTGATGG
STRG.44.1 gene=STRG.44 794 4143 TGGAGACCACC
STRG.44.2 gene=STRG.44 794 4143 TGGAGACCACC
STRG.9.2 gene=STRG.9 2149 4173 AGCAGAACTGC
STRG.9.3 gene=STRG.9 2369 4173 AGCAGAACTGC
STRG.9.2 gene=STRG.9 2150 4174 GCAGAACTGCG
STRG.9.3 gene=STRG.9 2370 4174 GCAGAACTGCG
STRG.20.1 gene=STRG.20 7291 4202 GAAAAGTTTGG
STRG.20.2 gene=STRG.20 7291 4202 GAAAAGTTTGG
STRG.5.1 gene=STRG.5 2249 4205 AAGTTTGGGGA
STRG.1.1 gene=STRG.1 3221 4213 GGAGAAGCACT
STRG.37.1 gene=STRG.37 556 4221 ACTACGCCATC
STRG.48.1 gene=STRG.48 1728 4240 CTTCGGTGCGG
STRG.48.2 gene=STRG.48 1728 4240 CTTCGGTGCGG
STRG.48.1 gene=STRG.48 1729 4241 TTCGGTGCGGA
STRG.48.2 gene=STRG.48 1729 4241 TTCGGTGCGGA
STRG.26.2 gene=STRG.26 944 4244 GGTGCGGAGTA
STRG.23.3 gene=STRG.23 2109 4271 GTGGCCATCCT
STRG.23.1 gene=STRG.23 1882 4271 GTGGCCATCCT
STRG.23.2 gene=STRG.23 1882 4271 GTGGCCATCCT
STRG.16.1 gene=STRG.16 211 4275 CCATCCTGAAG
STRG.16.2 gene=STRG.16 211 4275 CCATCCTGAAG
STRG.52.1 gene=STRG.52 277 4289 AGTGAGCGGGG
STRG.20.3 gene=STRG.20 5432 4317 AGCAAAAGTGG
STRG.20.1 gene=STRG.20 15150 4317 AGCAAAAGTGG
STRG.20.2 gene=STRG.20 15735 4317 AGCAAAAGTGG
STRG.48.1 gene=STRG.48 179 4317 AGCAAAAGTGG
STRG.48.2 gene=STRG.48 179 4317 AGCAAAAGTGG
STRG.20.3 gene=STRG.20 5433 4318 GCAAAAGTGGT
STRG.20.1 gene=STRG.20 15151 4318 GCAAAAGTGGT
STRG.20.2 gene=STRG.20 15736 4318 GCAAAAGTGGT
STRG.4.1 gene=STRG.4 2311 4319 CAAAAGTGGTG
STRG.20.3 gene=STRG.20 4025 4332 AGAACCCCAAT
STRG.20.1 gene=STRG.20 13743 4332 AGAACCCCAAT
STRG.20.2 gene=STRG.20 14328 4332 AGAACCCCAAT
STRG.36.1 gene=STRG.36 2259 4333 GAACCCCAATG
STRG.36.1 gene=STRG.36 2260 4334 AACCCCAATGC
STRG.36.1 gene=STRG.36 2261 4335 ACCCCAATGCC
STRG.36.1 gene=STRG.36 2262 4336 CCCCAATGCCA
STRG.31.1 gene=STRG.31 976 4342 TGCCAGCTGCT
STRG.31.2 gene=STRG.31 976 4342 TGCCAGCTGCT
STRG.31.1 gene=STRG.31 977 4343 GCCAGCTGCTT
STRG.31.2 gene=STRG.31 977 4343 GCCAGCTGCTT
STRG.31.1 gene=STRG.31 978 4344 CCAGCTGCTTC
STRG.31.2 gene=STRG.31 978 4344 CCAGCTGCTTC
STRG.44.1 gene=STRG.44 879 4370 GACGCCACTCC
STRG.44.2 gene=STRG.44 879 4370 GACGCCACTCC
STRG.57.1 gene=STRG.57 1068 4386 TGACCTTCGGC
STRG.57.2 gene=STRG.57 1068 4386 TGACCTTCGGC
STRG.27.1 gene=STRG.27 1628 4390 CTTCGGCGAGC
STRG.23.3 gene=STRG.23 1071 4427 GCCGGAATCCT
STRG.23.1 gene=STRG.23 844 4427 GCCGGAATCCT
STRG.23.2 gene=STRG.23 844 4427 GCCGGAATCCT
STRG.23.3 gene=STRG.23 1072 4428 CCGGAATCCTG
STRG.23.1 gene=STRG.23 845 4428 CCGGAATCCTG
STRG.23.2 gene=STRG.23 845 4428 CCGGAATCCTG
STRG.52.1 gene=STRG.52 2183 4433 ATCCTGATCGC
STRG.52.1 gene=STRG.52 2184 4434 TCCTGATCGCC
STRG.56.1 gene=STRG.56 329 4434 TCCTGATCGCC
STRG.56.2 gene=STRG.56 329 4434 TCCTGATCGCC
STRG.56.3 gene=STRG.56 1527 4434 TCCTGATCGCC
STRG.54.1 gene=STRG.54 971 4440 TCGCCTTCCTC
STRG.44.1 gene=STRG.44 2405 4441 CGCCTTCCTCA
STRG.44.2 gene=STRG.44 2405 4441 CGCCTTCCTCA
STRG.49.2 gene=STRG.49 132 4455 GCATTACGGAG
STRG.49.1 gene=STRG.49 52 4455 GCATTACGGAG
STRG.27.1 gene=STRG.27 1724 4458 TTACGGAGTTT
STRG.31.1 gene=STRG.31 11 4480 GCAGCAAGTGG
STRG.31.2 gene=STRG.31 11 4480 GCAGCAAGTGG
STRG.31.1 gene=STRG.31 12 4481 CAGCAAGTGGC
STRG.31.2 gene=STRG.31 12 4481 CAGCAAGTGGC
STRG.5.1 gene=STRG.5 2857 4482 AGCAAGTGGCC
STRG.59.2 gene=STRG.59 417 4559 TCACATTTTGC
STRG.59.2 gene=STRG.59 418 4560 CACATTTTGCT
STRG.28.1 gene=STRG.28 921 4561 ACATTTTGCTC
STRG.28.1 gene=STRG.28 922 4562 CATTTTGCTCA
STRG.59.1 gene=STRG.59 2835 4562 CATTTTGCTCA
STRG.59.2 gene=STRG.59 3623 4562 CATTTTGCTCA
STRG.27.1 gene=STRG.27 3042 4586 AGGAAGCCTTC
STRG.13.1 gene=STRG.13 1891 4592 CCTTCAAGAAG
STRG.24.1 gene=STRG.24 676 4595 TCAAGAAGGAG
STRG.40.1 gene=STRG.40 434 4595 TCAAGAAGGAG
STRG.20.1 gene=STRG.20 9082 4596 CAAGAAGGAGA
STRG.20.2 gene=STRG.20 9082 4596 CAAGAAGGAGA
STRG.24.1 gene=STRG.24 677 4596 CAAGAAGGAGA
STRG.41.2 gene=STRG.41 831 4596 CAAGAAGGAGA
STRG.41.3 gene=STRG.41 770 4596 CAAGAAGGAGA
STRG.41.1 gene=STRG.41 559 4596 CAAGAAGGAGA
STRG.60.1 gene=STRG.60 482 4596 CAAGAAGGAGA
STRG.45.1 gene=STRG.45 303 4602 GGAGATCCGCT
STRG.44.1 gene=STRG.44 3523 4643 CCATCGTGGCC
STRG.44.2 gene=STRG.44 3523 4643 CCATCGTGGCC
STRG.44.1 gene=STRG.44 3524 4644 CATCGTGGCCG
STRG.44.2 gene=STRG.44 3524 4644 CATCGTGGCCG
STRG.59.2 gene=STRG.59 159 4669 AGTGTGCGGAC
STRG.23.3 gene=STRG.23 620 4673 TGCGGACGACA
STRG.23.1 gene=STRG.23 393 4673 TGCGGACGACA
STRG.23.2 gene=STRG.23 393 4673 TGCGGACGACA
STRG.18.2 gene=STRG.18 11619 4677 GACGACACCGC
STRG.18.1 gene=STRG.18 11673 4677 GACGACACCGC
STRG.18.2 gene=STRG.18 2373 4719 TCCCAAGTCGA
STRG.18.1 gene=STRG.18 2373 4719 TCCCAAGTCGA
STRG.48.1 gene=STRG.48 55 4724 AGTCGAGTCGC
STRG.48.2 gene=STRG.48 55 4724 AGTCGAGTCGC
STRG.18.2 gene=STRG.18 2110 4750 CGTTCCTCGGA
STRG.18.1 gene=STRG.18 2110 4750 CGTTCCTCGGA
STRG.31.1 gene=STRG.31 1562 4757 CGGAGGAGATG
STRG.31.2 gene=STRG.31 1562 4757 CGGAGGAGATG
STRG.31.3 gene=STRG.31 472 4757 CGGAGGAGATG
STRG.31.1 gene=STRG.31 1563 4758 GGAGGAGATGC
STRG.31.2 gene=STRG.31 1563 4758 GGAGGAGATGC
STRG.31.3 gene=STRG.31 473 4758 GGAGGAGATGC
STRG.13.1 gene=STRG.13 104 4758 GGAGGAGATGC
STRG.14.1 gene=STRG.14 2326 4758 GGAGGAGATGC
STRG.20.1 gene=STRG.20 4510 4777 GCCCAAGGATC
STRG.20.2 gene=STRG.20 4510 4777 GCCCAAGGATC
STRG.36.1 gene=STRG.36 855 4780 CAAGGATCAGG
STRG.1.1 gene=STRG.1 821 4821 GGAACAGAAGG
STRG.60.1 gene=STRG.60 942 4825 CAGAAGGAGGC
STRG.60.1 gene=STRG.60 943 4826 AGAAGGAGGCG
STRG.20.3 gene=STRG.20 742 4836 GCGGGTTTAAA
STRG.20.1 gene=STRG.20 10460 4836 GCGGGTTTAAA
STRG.20.2 gene=STRG.20 11045 4836 GCGGGTTTAAA
STRG.5.1 gene=STRG.5 6374 4855 GGATTATTTTA
STRG.5.1 gene=STRG.5 6375 4856 GATTATTTTAA
STRG.59.2 gene=STRG.59 106 4891 TGTACATTTAA
STRG.59.2 gene=STRG.59 107 4892 GTACATTTAAT
STRG.2.1 gene=STRG.2 3244 4902 TTCCCTAAAAG
STRG.2.2 gene=STRG.2 3244 4902 TTCCCTAAAAG
STRG.2.1 gene=STRG.2 3245 4903 TCCCTAAAAGA
STRG.2.2 gene=STRG.2 3245 4903 TCCCTAAAAGA
STRG.2.1 gene=STRG.2 3246 4904 CCCTAAAAGAT
STRG.2.2 gene=STRG.2 3246 4904 CCCTAAAAGAT
STRG.23.3 gene=STRG.23 775 4910 AAGATTTGTCT
STRG.23.1 gene=STRG.23 548 4910 AAGATTTGTCT
STRG.23.2 gene=STRG.23 548 4910 AAGATTTGTCT
STRG.12.1 gene=STRG.12 375 4912 GATTTGTCTAC
STRG.12.1 gene=STRG.12 376 4913 ATTTGTCTACC
STRG.1.1 gene=STRG.1 4133 4941 TATTTATGATT
STRG.1.1 gene=STRG.1 4134 4942 ATTTATGATTT
STRG.30.1 gene=STRG.30 190 4972 CGCTCAGTGCC
STRG.30.1 gene=STRG.30 191 4973 GCTCAGTGCCG
STRG.30.1 gene=STRG.30 192 4974 CTCAGTGCCGA
STRG.46.1 gene=STRG.46 204 5001 GAAAGCAACGC
STRG.48.1 gene=STRG.48 588 5030 TCAATTTGGAG
STRG.48.2 gene=STRG.48 588 5030 TCAATTTGGAG
STRG.48.1 gene=STRG.48 589 5031 CAATTTGGAGC
STRG.48.2 gene=STRG.48 589 5031 CAATTTGGAGC
STRG.50.1 gene=STRG.50 31 5050 GCTTGTAATTA
STRG.51.1 gene=STRG.51 703 5058 TTACTTGGCGG
STRG.52.1 gene=STRG.52 2047 5087 CGCGGGCAACA
STRG.45.1 gene=STRG.45 236 5089 CGGGCAACACG
STRG.23.3 gene=STRG.23 2105 5129 TTCGGTGGCCA
STRG.23.1 gene=STRG.23 1878 5129 TTCGGTGGCCA
STRG.23.2 gene=STRG.23 1878 5129 TTCGGTGGCCA
STRG.48.1 gene=STRG.48 1533 5132 GGTGGCCAACT
STRG.48.2 gene=STRG.48 1533 5132 GGTGGCCAACT
STRG.15.1 gene=STRG.15 196 5209 GGCAAGGAGAA
STRG.37.1 gene=STRG.37 428 5260 CCTTATTGACA
STRG.37.1 gene=STRG.37 429 5261 CTTATTGACAT
STRG.28.1 gene=STRG.28 75 5333 AGCAGCTGCAG
STRG.14.1 gene=STRG.14 1684 5353 GCGCCAAATGG
STRG.20.1 gene=STRG.20 4243 5359 AATGGGAGCAG
STRG.20.2 gene=STRG.20 4243 5359 AATGGGAGCAG
STRG.57.1 gene=STRG.57 2269 5363 GGAGCAGAACA
STRG.57.2 gene=STRG.57 2269 5363 GGAGCAGAACA
STRG.2.1 gene=STRG.2 1618 5395 GGAGGATGAAG
STRG.2.2 gene=STRG.2 1618 5395 GGAGGATGAAG
STRG.31.1 gene=STRG.31 732 5399 GATGAAGGACG
STRG.31.2 gene=STRG.31 732 5399 GATGAAGGACG
STRG.15.1 gene=STRG.15 57 5412 GGACCAAGAAG
STRG.44.1 gene=STRG.44 3138 5448 GTGTTGGGTAG
STRG.44.2 gene=STRG.44 3138 5448 GTGTTGGGTAG
STRG.44.1 gene=STRG.44 3139 5449 TGTTGGGTAGC
STRG.44.2 gene=STRG.44 3139 5449 TGTTGGGTAGC
STRG.27.1 gene=STRG.27 1308 5472 TTGGTTTGTGT
STRG.20.3 gene=STRG.20 7901 5486 ATGAGCAGCAA
STRG.20.1 gene=STRG.20 17619 5486 ATGAGCAGCAA
STRG.20.2 gene=STRG.20 18204 5486 ATGAGCAGCAA
STRG.20.3 gene=STRG.20 7902 5487 TGAGCAGCAAT
STRG.20.1 gene=STRG.20 17620 5487 TGAGCAGCAAT
STRG.20.2 gene=STRG.20 18205 5487 TGAGCAGCAAT
STRG.20.3 gene=STRG.20 7903 5488 GAGCAGCAATG
STRG.20.1 gene=STRG.20 17621 5488 GAGCAGCAATG
STRG.20.2 gene=STRG.20 18206 5488 GAGCAGCAATG
STRG.18.2 gene=STRG.18 14590 5489 AGCAGCAATGA
STRG.18.1 gene=STRG.18 14644 5489 AGCAGCAATGA
STRG.46.1 gene=STRG.46 807 5500 CAACGGCAGCG
STRG.46.1 gene=STRG.46 808 5501 AACGGCAGCGC
STRG.46.1 gene=STRG.46 809 5502 ACGGCAGCGCC
STRG.42.2 gene=STRG.42 572 5525 AAAAAACAACA
STRG.12.1 gene=STRG.12 1634 5528 AAACAACAACA
STRG.31.2 gene=STRG.31 4465 5528 AAACAACAACA
STRG.31.3 gene=STRG.31 3375 5528 AAACAACAACA
STRG.20.3 gene=STRG.20 166 5529 AACAACAACAA
STRG.31.2 gene=STRG.31 4466 5529 AACAACAACAA
STRG.31.2 gene=STRG.31 4469 5529 AACAACAACAA
STRG.31.3 gene=STRG.31 3376 5529 AACAACAACAA
STRG.31.3 gene=STRG.31 3379 5529 AACAACAACAA
STRG.18.2 gene=STRG.18 14670 5530 ACAACAACAAG
STRG.18.1 gene=STRG.18 14724 5530 ACAACAACAAG
STRG.2.1 gene=STRG.2 2411 5531 CAACAACAAGA
STRG.2.2 gene=STRG.2 2411 5531 CAACAACAAGA
STRG.20.1 gene=STRG.20 159 5531 CAACAACAAGA
STRG.20.2 gene=STRG.20 159 5531 CAACAACAAGA
STRG.57.1 gene=STRG.57 337 5557 ATATAGAGTGC
STRG.57.2 gene=STRG.57 337 5557 ATATAGAGTGC
STRG.59.2 gene=STRG.59 400 5578 GAAAAACTAAG
STRG.20.3 gene=STRG.20 1721 5597 AGGAATGTGAA
STRG.20.1 gene=STRG.20 11439 5597 AGGAATGTGAA
STRG.20.2 gene=STRG.20 12024 5597 AGGAATGTGAA
STRG.4.1 gene=STRG.4 1454 5605 GAATTTGATTT
STRG.4.1 gene=STRG.4 1455 5606 AATTTGATTTT
STRG.4.1 gene=STRG.4 1456 5607 ATTTGATTTTA
STRG.21.2 gene=STRG.21 993 5608 TTTGATTTTAC
STRG.23.2 gene=STRG.23 2915 5631 TTTTATATGCT
STRG.23.2 gene=STRG.23 2916 5632 TTTATATGCTG
STRG.37.1 gene=STRG.37 789 5635 ATATGCTGCTG
STRG.46.1 gene=STRG.46 760 5685 TTTTGAAGGAA
STRG.46.1 gene=STRG.46 761 5686 TTTGAAGGAAG
STRG.53.2 gene=STRG.53 2019 5732 TCTCAATAATT
STRG.18.2 gene=STRG.18 16573 5754 AGAGCGTCGCT
STRG.18.1 gene=STRG.18 16627 5754 AGAGCGTCGCT
STRG.18.2 gene=STRG.18 16574 5755 GAGCGTCGCTT
STRG.18.1 gene=STRG.18 16628 5755 GAGCGTCGCTT
STRG.3.2 gene=STRG.3 1365 5779 ATTGCATTCCA
STRG.3.1 gene=STRG.3 982 5779 ATTGCATTCCA
STRG.3.3 gene=STRG.3 1218 5779 ATTGCATTCCA
STRG.1.1 gene=STRG.1 126 5844 TCTGTGTGTTC
STRG.55.1 gene=STRG.55 1305 5863 ATTATTTTGTA
STRG.27.1 gene=STRG.27 14 5882 GCTTCAGCTTC
STRG.13.2 gene=STRG.13 1152 5887 AGCTTCGACTG
STRG.13.2 gene=STRG.13 1153 5888 GCTTCGACTGC
STRG.48.1 gene=STRG.48 1091 5888 GCTTCGACTGC
STRG.48.2 gene=STRG.48 1091 5888 GCTTCGACTGC
STRG.5.1 gene=STRG.5 2537 5906 CGTGAGCCATT
STRG.12.1 gene=STRG.12 1086 5952 GGCTGTGGATG
STRG.34.1 gene=STRG.34 637 5953 GCTGTGGATGA
STRG.44.1 gene=STRG.44 2888 5961 TGAGGATGTGG
STRG.44.2 gene=STRG.44 2888 5961 TGAGGATGTGG
STRG.11.1 gene=STRG.11 702 5972 CCACCAGCACA
STRG.33.2 gene=STRG.33 3732 5980 ACAAGAGTCTC
STRG.31.1 gene=STRG.31 191 6018 TGGGTAAAACC
STRG.31.2 gene=STRG.31 191 6018 TGGGTAAAACC
STRG.5.1 gene=STRG.5 5132 6027 CCCAACACACT
STRG.44.1 gene=STRG.44 1456 6077 AGCTGATGGCC
STRG.44.2 gene=STRG.44 1456 6077 AGCTGATGGCC
STRG.60.1 gene=STRG.60 388 6077 AGCTGATGGCC
STRG.51.1 gene=STRG.51 1312 6092 TCCACCACCGA
STRG.51.1 gene=STRG.51 1313 6093 CCACCACCGAT
STRG.51.1 gene=STRG.51 1314 6094 CACCACCGATG
STRG.18.2 gene=STRG.18 5972 6129 AAAGCGACAAG
STRG.18.1 gene=STRG.18 6026 6129 AAAGCGACAAG
STRG.37.1 gene=STRG.37 597 6178 CCCAAGGACGA
STRG.37.1 gene=STRG.37 598 6179 CCAAGGACGAG
STRG.37.1 gene=STRG.37 599 6180 CAAGGACGAGG
STRG.37.1 gene=STRG.37 600 6181 AAGGACGAGGA
STRG.11.1 gene=STRG.11 248 6182 AGGACGAGGAG
STRG.37.1 gene=STRG.37 601 6182 AGGACGAGGAG
STRG.11.1 gene=STRG.11 249 6183 GGACGAGGAGC
STRG.33.1 gene=STRG.33 3098 6184 GACGAGGAGCC
STRG.33.2 gene=STRG.33 2915 6184 GACGAGGAGCC
STRG.33.1 gene=STRG.33 3099 6185 ACGAGGAGCCG
STRG.33.2 gene=STRG.33 2916 6185 ACGAGGAGCCG
STRG.31.1 gene=STRG.31 732 6205 GATGAAGGACG
STRG.31.2 gene=STRG.31 732 6205 GATGAAGGACG
STRG.60.1 gene=STRG.60 369 6228 AAGGCGCGGGA
STRG.60.1 gene=STRG.60 370 6229 AGGCGCGGGAT
STRG.31.2 gene=STRG.31 3391 6242 CATTTGTTAAT
STRG.31.3 gene=STRG.31 2301 6242 CATTTGTTAAT
STRG.57.1 gene=STRG.57 2409 6258 GCACGTAAGCA
STRG.57.2 gene=STRG.57 2409 6258 GCACGTAAGCA
STRG.55.1 gene=STRG.55 46 6260 ACGTAAGCAAT
STRG.53.1 gene=STRG.53 500 6281 AAGCGCATTCC
STRG.53.2 gene=STRG.53 500 6281 AAGCGCATTCC
STRG.4.1 gene=STRG.4 1336 6298 CTTTAATGTAC
STRG.14.1 gene=STRG.14 2999 6317 GTTAACAAATT
STRG.26.1 gene=STRG.26 788 6351 AGGGAAAGGGG
STRG.26.2 gene=STRG.26 1810 6351 AGGGAAAGGGG
STRG.30.1 gene=STRG.30 281 6414 TTCGGCGGCAT
STRG.30.1 gene=STRG.30 282 6415 TCGGCGGCATT
STRG.14.1 gene=STRG.14 620 6452 CGCATAAACAA
STRG.56.1 gene=STRG.56 1146 6456 TAAACAAATTA
STRG.56.2 gene=STRG.56 1146 6456 TAAACAAATTA
STRG.56.3 gene=STRG.56 2344 6456 TAAACAAATTA
STRG.42.1 gene=STRG.42 1584 6457 AAACAAATTAA
STRG.42.2 gene=STRG.42 2786 6457 AAACAAATTAA
STRG.60.1 gene=STRG.60 1049 6518 CAGCAAGGTGG
STRG.31.3 gene=STRG.31 107 6586 TTGGGAAAATT
STRG.1.1 gene=STRG.1 2141 6610 CGTGGTGTAAA
STRG.1.1 gene=STRG.1 2142 6611 GTGGTGTAAAT
STRG.26.2 gene=STRG.26 21 6663 CATAGGGCAAT
STRG.40.1 gene=STRG.40 392 6715 CGGACAAACGG
STRG.40.1 gene=STRG.40 393 6716 GGACAAACGGA
STRG.7.1 gene=STRG.7 399 6717 GACAAACGGAC
STRG.7.3 gene=STRG.7 274 6717 GACAAACGGAC
STRG.7.4 gene=STRG.7 274 6717 GACAAACGGAC
STRG.7.2 gene=STRG.7 247 6717 GACAAACGGAC
STRG.7.5 gene=STRG.7 203 6717 GACAAACGGAC
STRG.7.6 gene=STRG.7 323 6717 GACAAACGGAC
STRG.7.1 gene=STRG.7 400 6718 ACAAACGGACA
STRG.7.3 gene=STRG.7 275 6718 ACAAACGGACA
STRG.7.4 gene=STRG.7 275 6718 ACAAACGGACA
STRG.7.2 gene=STRG.7 248 6718 ACAAACGGACA
STRG.7.5 gene=STRG.7 204 6718 ACAAACGGACA
STRG.7.6 gene=STRG.7 324 6718 ACAAACGGACA
STRG.32.2 gene=STRG.32 1038 6721 AACGGACAAGC
STRG.32.1 gene=STRG.32 1038 6721 AACGGACAAGC
STRG.1.1 gene=STRG.1 3810 6740 AAACGAACGGA
STRG.32.2 gene=STRG.32 1038 6745 AACGGACAAGC
STRG.32.1 gene=STRG.32 1038 6745 AACGGACAAGC
STRG.59.1 gene=STRG.59 2981 6778 CATGGGCTTCA
STRG.59.2 gene=STRG.59 3769 6778 CATGGGCTTCA
STRG.18.2 gene=STRG.18 11225 6802 CTCACTTTGCG
STRG.18.1 gene=STRG.18 11279 6802 CTCACTTTGCG
STRG.18.2 gene=STRG.18 11226 6803 TCACTTTGCGG
STRG.18.1 gene=STRG.18 11280 6803 TCACTTTGCGG
STRG.31.1 gene=STRG.31 993 6822 TCTTGAGCAAA
STRG.31.2 gene=STRG.31 993 6822 TCTTGAGCAAA
STRG.10.6 gene=STRG.10 384 6832 ATTGAAATTCT
STRG.10.4 gene=STRG.10 138 6832 ATTGAAATTCT
STRG.8.1 gene=STRG.8 627 6856 CGTTTCCGCTT
STRG.8.1 gene=STRG.8 628 6857 GTTTCCGCTTC
STRG.27.1 gene=STRG.27 3241 6865 TTCGGAGGAAC
STRG.27.1 gene=STRG.27 3242 6866 TCGGAGGAACG
STRG.20.3 gene=STRG.20 6755 6867 CGGAGGAACGG
STRG.20.1 gene=STRG.20 16473 6867 CGGAGGAACGG
STRG.20.2 gene=STRG.20 17058 6867 CGGAGGAACGG
STRG.27.1 gene=STRG.27 3243 6867 CGGAGGAACGG
STRG.20.3 gene=STRG.20 6756 6868 GGAGGAACGGA
STRG.20.1 gene=STRG.20 16474 6868 GGAGGAACGGA
STRG.20.2 gene=STRG.20 17059 6868 GGAGGAACGGA
STRG.27.1 gene=STRG.27 3244 6868 GGAGGAACGGA
STRG.27.1 gene=STRG.27 3245 6869 GAGGAACGGAG
STRG.2.1 gene=STRG.2 1364 6885 AGCAATCCAGG
STRG.2.2 gene=STRG.2 1364 6885 AGCAATCCAGG
STRG.8.1 gene=STRG.8 581 6894 GGGGAGCTACG
STRG.20.3 gene=STRG.20 4528 6924 AATCTTGCAGG
STRG.20.1 gene=STRG.20 14246 6924 AATCTTGCAGG
STRG.20.2 gene=STRG.20 14831 6924 AATCTTGCAGG
STRG.48.1 gene=STRG.48 252 6957 GCACTCGGTGT
STRG.48.2 gene=STRG.48 252 6957 GCACTCGGTGT
STRG.23.3 gene=STRG.23 319 6983 AATTGCCGGCA
STRG.23.1 gene=STRG.23 92 6983 AATTGCCGGCA
STRG.23.2 gene=STRG.23 92 6983 AATTGCCGGCA
STRG.59.3 gene=STRG.59 563 7027 CAGGGCCATGA
STRG.59.1 gene=STRG.59 563 7027 CAGGGCCATGA
STRG.59.2 gene=STRG.59 1351 7027 CAGGGCCATGA
STRG.42.1 gene=STRG.42 1395 7037 AGTTCCGCCAG
STRG.42.2 gene=STRG.42 2597 7037 AGTTCCGCCAG
STRG.6.1 gene=STRG.6 991 7063 TTTACGCGAAT
STRG.13.1 gene=STRG.13 2766 7076 GCAGAGGACTT
STRG.13.1 gene=STRG.13 2767 7077 CAGAGGACTTG
STRG.1.1 gene=STRG.1 3721 7078 AGAGGACTTGG
STRG.20.1 gene=STRG.20 3977 7121 TTAAATCTTCT
STRG.20.2 gene=STRG.20 3977 7121 TTAAATCTTCT
STRG.15.1 gene=STRG.15 1125 7170 AGTATCTATAT
STRG.14.1 gene=STRG.14 655 7203 ATTTAAAGGAG
STRG.22.1 gene=STRG.22 884 7204 TTTAAAGGAGT
STRG.48.1 gene=STRG.48 629 7220 AATTCAAAAAA
STRG.48.2 gene=STRG.48 629 7220 AATTCAAAAAA
STRG.4.1 gene=STRG.4 383 7242 TTGTAGGTATT
STRG.44.1 gene=STRG.44 2717 7266 GATTATCAATC
STRG.44.2 gene=STRG.44 2717 7266 GATTATCAATC
STRG.27.1 gene=STRG.27 2927 7314 AGAGACATCTC
STRG.8.1 gene=STRG.8 365 7336 TCTTTTTCATT
STRG.33.1 gene=STRG.33 712 7361 GAGATTTTAAA
STRG.33.2 gene=STRG.33 712 7361 GAGATTTTAAA
STRG.43.3 gene=STRG.43 1150 7364 ATTTTAAAGCG
STRG.42.1 gene=STRG.42 634 7390 CAGTACCACCC
STRG.42.2 gene=STRG.42 1836 7390 CAGTACCACCC
STRG.42.1 gene=STRG.42 635 7391 AGTACCACCCA
STRG.42.2 gene=STRG.42 1837 7391 AGTACCACCCA
STRG.42.1 gene=STRG.42 636 7392 GTACCACCCAC
STRG.42.2 gene=STRG.42 1838 7392 GTACCACCCAC
STRG.54.1 gene=STRG.54 553 7428 CGTGTCCTGTG
STRG.44.1 gene=STRG.44 1753 7438 GAGCAGGACCT
STRG.44.2 gene=STRG.44 1753 7438 GAGCAGGACCT
STRG.50.1 gene=STRG.50 365 7453 GCAGTTTGCCG
STRG.20.1 gene=STRG.20 3325 7459 TGCCGTGGCCT
STRG.20.2 gene=STRG.20 3325 7459 TGCCGTGGCCT
STRG.23.2 gene=STRG.23 2962 7497 ACTTGACTGCC
STRG.23.2 gene=STRG.23 2963 7498 CTTGACTGCCA
STRG.52.1 gene=STRG.52 1499 7507 CAGCTGGCATC
STRG.52.1 gene=STRG.52 1500 7508 AGCTGGCATCT
STRG.20.1 gene=STRG.20 9584 7525 CCGGAGCGTCC
STRG.20.2 gene=STRG.20 9584 7525 CCGGAGCGTCC
STRG.43.3 gene=STRG.43 996 7562 CAAAGTGGCCA
STRG.43.1 gene=STRG.43 967 7562 CAAAGTGGCCA
STRG.43.2 gene=STRG.43 963 7562 CAAAGTGGCCA
STRG.18.2 gene=STRG.18 11738 7564 AAGTGGCCAGC
STRG.18.1 gene=STRG.18 11792 7564 AAGTGGCCAGC
STRG.42.1 gene=STRG.42 1451 7568 GGCCAGCAGTT
STRG.42.2 gene=STRG.42 2653 7568 GGCCAGCAGTT
STRG.36.1 gene=STRG.36 2274 7569 GCCAGCAGTTG
STRG.48.1 gene=STRG.48 1706 7570 CCAGCAGTTGT
STRG.48.2 gene=STRG.48 1706 7570 CCAGCAGTTGT
STRG.48.1 gene=STRG.48 1707 7571 CAGCAGTTGTG
STRG.48.2 gene=STRG.48 1707 7571 CAGCAGTTGTG
STRG.5.1 gene=STRG.5 2610 7598 TTGGTGGACAA
STRG.20.1 gene=STRG.20 5936 7624 GCAAATGATGA
STRG.20.2 gene=STRG.20 5936 7624 GCAAATGATGA
STRG.46.1 gene=STRG.46 911 7626 AAATGATGATG
STRG.48.1 gene=STRG.48 1337 7629 TGATGATGGAC
STRG.48.2 gene=STRG.48 1337 7629 TGATGATGGAC
STRG.11.1 gene=STRG.11 750 7669 CAACAAACGCA
STRG.20.1 gene=STRG.20 1844 7669 CAACAAACGCA
STRG.20.2 gene=STRG.20 1844 7669 CAACAAACGCA
STRG.38.1 gene=STRG.38 844 7699 TTTGCCGCAGA
STRG.31.1 gene=STRG.31 2913 7714 AATTTTCTGCA
STRG.31.2 gene=STRG.31 2913 7714 AATTTTCTGCA
STRG.31.3 gene=STRG.31 1823 7714 AATTTTCTGCA
STRG.20.3 gene=STRG.20 4552 7771 TCGCTGGCTGC
STRG.20.1 gene=STRG.20 14270 7771 TCGCTGGCTGC
STRG.20.2 gene=STRG.20 14855 7771 TCGCTGGCTGC
STRG.51.1 gene=STRG.51 275 7773 GCTGGCTGCAC
STRG.51.1 gene=STRG.51 276 7774 CTGGCTGCACA
STRG.31.1 gene=STRG.31 2633 7791 AAAAGAAAAAC
STRG.31.2 gene=STRG.31 2633 7791 AAAAGAAAAAC
STRG.31.3 gene=STRG.31 1543 7791 AAAAGAAAAAC
STRG.31.1 gene=STRG.31 2634 7792 AAAGAAAAACA
STRG.31.2 gene=STRG.31 2634 7792 AAAGAAAAACA
STRG.31.3 gene=STRG.31 1544 7792 AAAGAAAAACA
STRG.20.3 gene=STRG.20 3124 7793 AAGAAAAACAA
STRG.20.1 gene=STRG.20 12842 7793 AAGAAAAACAA
STRG.20.2 gene=STRG.20 13427 7793 AAGAAAAACAA
STRG.31.1 gene=STRG.31 2635 7793 AAGAAAAACAA
STRG.31.2 gene=STRG.31 2635 7793 AAGAAAAACAA
STRG.31.3 gene=STRG.31 1545 7793 AAGAAAAACAA
STRG.18.2 gene=STRG.18 14092 7794 AGAAAAACAAT
STRG.18.1 gene=STRG.18 14146 7794 AGAAAAACAAT
STRG.20.3 gene=STRG.20 3125 7794 AGAAAAACAAT
STRG.20.1 gene=STRG.20 12843 7794 AGAAAAACAAT
STRG.20.2 gene=STRG.20 13428 7794 AGAAAAACAAT
STRG.20.3 gene=STRG.20 3126 7795 GAAAAACAATT
STRG.20.1 gene=STRG.20 12844 7795 GAAAAACAATT
STRG.20.2 gene=STRG.20 13429 7795 GAAAAACAATT
STRG.51.1 gene=STRG.51 524 7795 GAAAAACAATT
STRG.20.3 gene=STRG.20 3127 7796 AAAAACAATTG
STRG.20.1 gene=STRG.20 12845 7796 AAAAACAATTG
STRG.20.2 gene=STRG.20 13430 7796 AAAAACAATTG
STRG.20.3 gene=STRG.20 3128 7797 AAAACAATTGC
STRG.20.1 gene=STRG.20 12846 7797 AAAACAATTGC
STRG.20.2 gene=STRG.20 13431 7797 AAAACAATTGC
STRG.22.1 gene=STRG.22 1235 7803 ATTGCCGAAAA
STRG.56.3 gene=STRG.56 1348 7815 CCATTGCAATT
STRG.56.3 gene=STRG.56 1349 7816 CATTGCAATTT
STRG.9.1 gene=STRG.9 1170 7838 GGCAAAGACAA
STRG.9.2 gene=STRG.9 1170 7838 GGCAAAGACAA
STRG.9.3 gene=STRG.9 1390 7838 GGCAAAGACAA
STRG.50.1 gene=STRG.50 245 7855 CGAGCAAATAA
STRG.50.1 gene=STRG.50 246 7856 GAGCAAATAAT
STRG.50.1 gene=STRG.50 247 7857 AGCAAATAATC
STRG.2.1 gene=STRG.2 2056 7865 ATCGCAGGCGA
STRG.2.2 gene=STRG.2 2056 7865 ATCGCAGGCGA
STRG.20.1 gene=STRG.20 4631 7882 AGCGAAGTGGA
STRG.20.2 gene=STRG.20 4631 7882 AGCGAAGTGGA
STRG.13.2 gene=STRG.13 502 7885 GAAGTGGAGTG
STRG.13.2 gene=STRG.13 503 7886 AAGTGGAGTGG
STRG.13.2 gene=STRG.13 504 7887 AGTGGAGTGGA
STRG.13.2 gene=STRG.13 505 7888 GTGGAGTGGAG
STRG.13.2 gene=STRG.13 504 7892 AGTGGAGTGGA
STRG.13.2 gene=STRG.13 505 7893 GTGGAGTGGAG
STRG.13.2 gene=STRG.13 506 7894 TGGAGTGGAGC
STRG.13.2 gene=STRG.13 507 7895 GGAGTGGAGCG
STRG.57.1 gene=STRG.57 1967 7943 GGAAACGGAAA
STRG.57.2 gene=STRG.57 1967 7943 GGAAACGGAAA
STRG.9.1 gene=STRG.9 274 8008 CCACCCGCTCC
STRG.9.2 gene=STRG.9 274 8008 CCACCCGCTCC
STRG.9.3 gene=STRG.9 494 8008 CCACCCGCTCC
STRG.9.1 gene=STRG.9 275 8009 CACCCGCTCCC
STRG.9.2 gene=STRG.9 275 8009 CACCCGCTCCC
STRG.9.3 gene=STRG.9 495 8009 CACCCGCTCCC
STRG.15.1 gene=STRG.15 714 8023 CTCTGCTGCTA
STRG.6.1 gene=STRG.6 1506 8034 TTAGATATTTA
STRG.6.1 gene=STRG.6 1507 8035 TAGATATTTAT
STRG.2.2 gene=STRG.2 3908 8036 AGATATTTATT
STRG.6.1 gene=STRG.6 1508 8036 AGATATTTATT
STRG.2.2 gene=STRG.2 3909 8037 GATATTTATTT
STRG.6.1 gene=STRG.6 1509 8037 GATATTTATTT
STRG.6.1 gene=STRG.6 957 8043 TATTTCTGCGG
STRG.6.1 gene=STRG.6 958 8044 ATTTCTGCGGA
STRG.27.1 gene=STRG.27 1860 8057 TTTGCTGTGTC
STRG.23.2 gene=STRG.23 2972 8107 CATTTGTATTC
STRG.6.1 gene=STRG.6 1085 8189 CGGCAGTGGCA
STRG.33.1 gene=STRG.33 25 8189 CGGCAGTGGCA
STRG.33.2 gene=STRG.33 25 8189 CGGCAGTGGCA
STRG.6.1 gene=STRG.6 1086 8190 GGCAGTGGCAG
STRG.33.1 gene=STRG.33 26 8190 GGCAGTGGCAG
STRG.33.2 gene=STRG.33 26 8190 GGCAGTGGCAG
STRG.33.1 gene=STRG.33 27 8191 GCAGTGGCAGC
STRG.33.2 gene=STRG.33 27 8191 GCAGTGGCAGC
STRG.57.1 gene=STRG.57 2478 8238 CATATGCAACA
STRG.57.2 gene=STRG.57 2478 8238 CATATGCAACA
STRG.15.1 gene=STRG.15 1118 8256 GTTCAGGAGTA
STRG.53.1 gene=STRG.53 41 8287 ATAATTGGTAT
STRG.53.2 gene=STRG.53 41 8287 ATAATTGGTAT
STRG.4.1 gene=STRG.4 2627 8313 CAGAAGGTACA
STRG.4.1 gene=STRG.4 2628 8314 AGAAGGTACAT
STRG.4.1 gene=STRG.4 2629 8315 GAAGGTACATT
STRG.4.1 gene=STRG.4 2630 8316 AAGGTACATTA
STRG.18.2 gene=STRG.18 460 8318 GGTACATTACT
STRG.18.1 gene=STRG.18 460 8318 GGTACATTACT
STRG.30.1 gene=STRG.30 919 8333 GTAACACCTAT
STRG.38.1 gene=STRG.38 174 8386 GCTGCAGCTGC
STRG.38.1 gene=STRG.38 175 8387 CTGCAGCTGCA
STRG.5.1 gene=STRG.5 4619 8389 GCAGCTGCATC
STRG.18.2 gene=STRG.18 1236 8399 CTCCGCCGCTC
STRG.18.1 gene=STRG.18 1236 8399 CTCCGCCGCTC
STRG.14.1 gene=STRG.14 634 8410 GTTGGCCAATA
STRG.1.1 gene=STRG.1 1388 8426 TTTGAAAATAA
STRG.54.1 gene=STRG.54 892 8545 CCCACGCCCCT
STRG.22.1 gene=STRG.22 603 8563 TTCGCATCTTC
STRG.59.3 gene=STRG.59 2609 8571 TTCTATTGAAT
STRG.59.1 gene=STRG.59 3693 8592 TGCAAGTATGT
STRG.59.2 gene=STRG.59 4481 8592 TGCAAGTATGT
STRG.59.1 gene=STRG.59 3694 8593 GCAAGTATGTG
STRG.59.2 gene=STRG.59 4482 8593 GCAAGTATGTG
STRG.20.1 gene=STRG.20 664 8605 CCACCGCCCCC
STRG.20.2 gene=STRG.20 664 8605 CCACCGCCCCC
STRG.20.1 gene=STRG.20 665 8606 CACCGCCCCCC
STRG.20.2 gene=STRG.20 665 8606 CACCGCCCCCC
STRG.20.3 gene=STRG.20 7991 8668 ACAATTTATTT
STRG.20.1 gene=STRG.20 17709 8668 ACAATTTATTT
STRG.20.2 gene=STRG.20 18294 8668 ACAATTTATTT
STRG.5.1 gene=STRG.5 1140 8671 ATTTATTTCTC
STRG.33.1 gene=STRG.33 5379 8671 ATTTATTTCTC
STRG.33.2 gene=STRG.33 5193 8671 ATTTATTTCTC
STRG.5.1 gene=STRG.5 1141 8672 TTTATTTCTCG
STRG.33.1 gene=STRG.33 5380 8672 TTTATTTCTCG
