                            OLS Regression Results                            
==============================================================================
Dep. Variable:            t_data.ctab   R-squared:                       0.030
Model:                            OLS   Adj. R-squared:                  0.030
Method:                 Least Squares   F-statistic:                     215.6
Date:                Fri, 31 Aug 2018   Prob (F-statistic):          2.42e-227
Time:                        15:24:36   Log-Likelihood:            -2.0484e+05
No. Observations:               34717   AIC:                         4.097e+05
Df Residuals:                   34712   BIC:                         4.097e+05
Df Model:                           5                                         
Covariance Type:            nonrobust                                         
================================================================================
                   coef    std err          t      P>|t|      [0.025      0.975]
--------------------------------------------------------------------------------
H3K27ac.tab     -0.4506      0.104     -4.316      0.000      -0.655      -0.246
H3K27me3.tab    -0.7640      0.064    -11.907      0.000      -0.890      -0.638
H3K4me1.tab      0.0323      0.068      0.478      0.633      -0.100       0.165
H3K4me3.tab      1.1784      0.063     18.769      0.000       1.055       1.302
H3K9ac.tab       0.0012      0.037      0.031      0.975      -0.072       0.074
==============================================================================
Omnibus:                    86918.269   Durbin-Watson:                   1.929
Prob(Omnibus):                  0.000   Jarque-Bera (JB):       2501438484.083
Skew:                          27.251   Prob(JB):                         0.00
Kurtosis:                    1316.881   Cond. No.                         2.95
==============================================================================

Warnings:
[1] Standard Errors assume that the covariance matrix of the errors is correctly specified.
