t_name
FBtr0302347      40.915134
FBtr0301810      41.860410
FBtr0113895      83.924237
FBtr0345179     204.262505
FBtr0301812      43.339327
FBtr0113989      42.075900
FBtr0078962     144.459808
FBtr0078966      95.283233
FBtr0078985     338.288765
FBtr0078967      62.842715
FBtr0078958      61.324465
FBtr0336483      48.471812
FBtr0078955     140.329765
FBtr0078953      69.327221
FBtr0344740      90.241367
FBtr0078909     109.945515
FBtr0078949      73.798506
FBtr0290222      56.585640
FBtr0078921     570.957512
FBtr0078946      79.945236
FBtr0346646     275.874222
FBtr0078944     293.934517
FBtr0078925     118.977776
FBtr0078926     121.763946
FBtr0078935     107.684339
FBtr0078928     167.341587
FBtr0078894     252.970582
FBtr0078856      68.177696
FBtr0078857      88.879761
FBtr0078893     101.670597
                  ...     
FBtr0089175     133.244232
FBtr0089153      44.712875
FBtr0089113      75.787620
FBtr0089122     393.624359
FBtr0333679     129.775947
FBtr0089111      61.889469
FBtr0089110     106.962235
FBtr0089105     223.036751
FBtr0089096     157.443885
FBtr0089254      92.394012
FBtr0300885      57.800548
FBtr0089233     110.793703
FBtr0089222      60.222154
FBtr0089221     135.362042
FBtr0089186     936.389801
FBtr0344754     377.588444
FBtr0333699     154.905426
FBtr0089192     119.593659
FBtr0089204      81.443157
FBtr0307327      66.775154
FBtr0100861    1240.522232
FBtr0100863     142.764996
FBtr0100867    1648.408580
FBtr0100868    1780.211235
FBtr0100870     106.198021
FBtr0100877      55.744908
FBtr0100879     229.283684
FBtr0100884     200.585396
FBtr0100886     706.685257
FBtr0100888    6895.955322
Length: 4052, dtype: float64
